<?xml version="1.0" encoding="UTF-8"?>
<!-- Generated by org.testng.reporters.JUnitXMLReporter -->
<testsuite hostname="User" ignored="4" name="GroupTest Two" tests="1" failures="1" timestamp="27 Jul 2019 15:06:14 GMT" time="0.028" errors="0">
  <testcase name="SavingsCalculator" time="0.025" classname="TestNG.ThirdTest">
    <failure type="java.lang.NullPointerException">
      <![CDATA[java.lang.NullPointerException
at java.util.Objects.requireNonNull(Objects.java:203)
at org.openqa.selenium.interactions.Actions.<init>(Actions.java:65)
at TestNG.ThirdTest.SavingsCalculator(ThirdTest.java:27)
... Removed 25 stack frames]]>
    </failure>
  </testcase> <!-- SavingsCalculator -->
  <testcase name="SignInTab" time="0.0" classname="TestNG.ThirdTest">
    <ignored/>
  </testcase> <!-- SignInTab -->
  <testcase name="OpenWindow" time="0.0" classname="TestNG.HDFCbank">
    <ignored/>
  </testcase> <!-- OpenWindow -->
  <testcase name="BankRate" time="0.0" classname="TestNG.ThirdTest">
    <ignored/>
  </testcase> <!-- BankRate -->
  <testcase name="PersonalLoans" time="0.0" classname="TestNG.ThirdTest">
    <ignored/>
  </testcase> <!-- PersonalLoans -->
</testsuite> <!-- GroupTest Two -->
