<?xml version="1.0" encoding="UTF-8"?>
<!-- Generated by org.testng.reporters.JUnitXMLReporter -->
<testsuite hostname="User" ignored="10" name="GroupTest" tests="3" failures="3" timestamp="23 Jul 2019 16:03:42 GMT" time="0.065" errors="0">
  <testcase name="firstTestVerifyFlightsLink" time="0.021" classname="TestNG.NewTest">
    <failure type="java.lang.NullPointerException">
      <![CDATA[java.lang.NullPointerException
at TestNG.NewTest.firstTestVerifyFlightsLink(NewTest.java:24)
... Removed 25 stack frames]]>
    </failure>
  </testcase> <!-- firstTestVerifyFlightsLink -->
  <testcase name="PurchaseFlight" time="0.001" classname="TestNG.SecondTest">
    <failure type="java.lang.NullPointerException">
      <![CDATA[java.lang.NullPointerException
at TestNG.SecondTest.PurchaseFlight(SecondTest.java:48)
... Removed 25 stack frames]]>
    </failure>
  </testcase> <!-- PurchaseFlight -->
  <testcase name="SignInTab" time="0.003" classname="TestNG.ThirdTest">
    <failure type="java.lang.NullPointerException">
      <![CDATA[java.lang.NullPointerException
at TestNG.ThirdTest.SignInTab(ThirdTest.java:64)
... Removed 25 stack frames]]>
    </failure>
  </testcase> <!-- SignInTab -->
  <testcase name="BookAFlight" time="0.0" classname="TestNG.NewTest">
    <ignored/>
  </testcase> <!-- BookAFlight -->
  <testcase name="SelectFlight" time="0.0" classname="TestNG.NewTest">
    <ignored/>
  </testcase> <!-- SelectFlight -->
  <testcase name="ProvideFlightDetails" time="0.0" classname="TestNG.NewTest">
    <ignored/>
  </testcase> <!-- ProvideFlightDetails -->
  <testcase name="SavingsCalculator" time="0.0" classname="TestNG.ThirdTest">
    <ignored/>
  </testcase> <!-- SavingsCalculator -->
  <testcase name="OpenWindow" time="0.0" classname="TestNG.HDFCbank">
    <ignored/>
  </testcase> <!-- OpenWindow -->
  <testcase name="SelectFlight" time="0.0" classname="TestNG.SecondTest">
    <ignored/>
  </testcase> <!-- SelectFlight -->
  <testcase name="SignInWithValidUserIDPassword" time="0.0" classname="TestNG.NewTest">
    <ignored/>
  </testcase> <!-- SignInWithValidUserIDPassword -->
  <testcase name="FindFlights" time="0.0" classname="TestNG.SecondTest">
    <ignored/>
  </testcase> <!-- FindFlights -->
  <testcase name="BankRate" time="0.0" classname="TestNG.ThirdTest">
    <ignored/>
  </testcase> <!-- BankRate -->
  <testcase name="PersonalLoans" time="0.0" classname="TestNG.ThirdTest">
    <ignored/>
  </testcase> <!-- PersonalLoans -->
</testsuite> <!-- GroupTest -->
