<?xml version="1.0" encoding="UTF-8"?>
<!-- Generated by org.testng.reporters.JUnitXMLReporter -->
<testsuite hostname="User" ignored="6" name="GroupTest One" tests="2" failures="2" timestamp="27 Jul 2019 15:06:14 GMT" time="0.073" errors="0">
  <testcase name="firstTestVerifyFlightsLink" time="0.024" classname="TestNG.NewTest">
    <failure type="java.lang.NullPointerException">
      <![CDATA[java.lang.NullPointerException
at TestNG.NewTest.firstTestVerifyFlightsLink(NewTest.java:24)
... Removed 25 stack frames]]>
    </failure>
  </testcase> <!-- firstTestVerifyFlightsLink -->
  <testcase name="PurchaseFlight" time="0.002" classname="TestNG.SecondTest">
    <failure type="java.lang.NullPointerException">
      <![CDATA[java.lang.NullPointerException
at TestNG.SecondTest.PurchaseFlight(SecondTest.java:60)
... Removed 25 stack frames]]>
    </failure>
  </testcase> <!-- PurchaseFlight -->
  <testcase name="BookAFlight" time="0.0" classname="TestNG.NewTest">
    <ignored/>
  </testcase> <!-- BookAFlight -->
  <testcase name="SelectFlight" time="0.0" classname="TestNG.NewTest">
    <ignored/>
  </testcase> <!-- SelectFlight -->
  <testcase name="ProvideFlightDetails" time="0.0" classname="TestNG.NewTest">
    <ignored/>
  </testcase> <!-- ProvideFlightDetails -->
  <testcase name="SelectFlight" time="0.0" classname="TestNG.SecondTest">
    <ignored/>
  </testcase> <!-- SelectFlight -->
  <testcase name="SignInWithValidUserIDPassword" time="0.0" classname="TestNG.NewTest">
    <ignored/>
  </testcase> <!-- SignInWithValidUserIDPassword -->
  <testcase name="FindFlights" time="0.0" classname="TestNG.SecondTest">
    <ignored/>
  </testcase> <!-- FindFlights -->
</testsuite> <!-- GroupTest One -->
